Updating System
Hit:1 http://us.archive.ubuntu.com/ubuntu noble InRelease
Get:2 http://us.archive.ubuntu.com/ubuntu noble-updates InRelease [126 kB]
Hit:3 http://us.archive.ubuntu.com/ubuntu noble-backports InRelease
Hit:4 http://security.ubuntu.com/ubuntu noble-security InRelease
Fetched 126 kB in 6s (22.8 kB/s)
Reading package lists...
Building dependency tree...
Reading state information...
67 packages can be upgraded. Run 'apt list --upgradable' to see them.
Installing ufw
Reading package lists...
Building dependency tree...
Reading state information...
ufw is already the newest version (0.36.2-6).
The following packages were automatically installed and are no longer required:
  libllvm17t64 python3-netifaces
Use 'sudo apt autoremove' to remove them.
0 upgraded, 0 newly installed, 0 to remove and 67 not upgraded.
Enabling ufw
Firewall is active and enabled on system startup
Allowing SSH
Skipping adding existing rule
Skipping adding existing rule (v6)
Allowing HTTP and HTTPS
Skipping adding existing rule
Skipping adding existing rule (v6)
Skipping adding existing rule
Skipping adding existing rule (v6)
Setting up default policies
Default incoming policy changed to 'deny'
(be sure to update your rules accordingly)
Default outgoing policy changed to 'allow'
(be sure to update your rules accordingly)
Shwoing ufw status
Status: active
Logging: on (low)
Default: deny (incoming), allow (outgoing), disabled (routed)
New profiles: skip

To                         Action      From
--                         ------      ----
22/tcp                     ALLOW IN    Anywhere                  
80/tcp                     ALLOW IN    Anywhere                  
443/tcp                    ALLOW IN    Anywhere                  
22/tcp (v6)                ALLOW IN    Anywhere (v6)             
80/tcp (v6)                ALLOW IN    Anywhere (v6)             
443/tcp (v6)               ALLOW IN    Anywhere (v6)             

